2025-05-25 11:10:43.049 [main] INFO  top.wjstar.xiaohashu.auth.RedisTests - Starting RedisTests using Java 17.0.14 with PID 2206 (started by wxvirus in /Users/wxvirus/IdeaProjects/xiaohashu/xiaohashu-auth)
2025-05-25 11:10:43.050 [main] INFO  top.wjstar.xiaohashu.auth.RedisTests - The following 1 profile is active: "dev"
2025-05-25 11:10:43.315 [main] INFO  o.s.d.r.config.RepositoryConfigurationDelegate - Multiple Spring Data modules found, entering strict repository configuration mode
2025-05-25 11:10:43.317 [main] INFO  o.s.d.r.config.RepositoryConfigurationDelegate - Bootstrapping Spring Data Redis repositories in DEFAULT mode.
2025-05-25 11:10:43.326 [main] INFO  o.s.d.r.config.RepositoryConfigurationDelegate - Finished Spring Data repository scanning in 4 ms. Found 0 Redis repository interfaces.
2025-05-25 11:10:43.812 [main] INFO  c.a.d.s.b.a.DruidDataSourceAutoConfigure - Init DruidDataSource
2025-05-25 11:10:43.970 [main] INFO  com.alibaba.druid.pool.DruidDataSource - {dataSource-1} inited
2025-05-25 11:10:44.120 [main] INFO  top.wjstar.xiaohashu.auth.RedisTests - Started RedisTests in 1.239 seconds (process running for 1.833)
2025-05-25 11:10:44.399 [SpringApplicationShutdownHook] INFO  com.alibaba.druid.pool.DruidDataSource - {dataSource-1} closing ...
2025-05-25 11:10:44.406 [SpringApplicationShutdownHook] INFO  com.alibaba.druid.pool.DruidDataSource - {dataSource-1} closed
2025-05-25 11:11:06.109 [main] INFO  top.wjstar.xiaohashu.auth.RedisTests - Starting RedisTests using Java 17.0.14 with PID 2221 (started by wxvirus in /Users/wxvirus/IdeaProjects/xiaohashu/xiaohashu-auth)
2025-05-25 11:11:06.110 [main] INFO  top.wjstar.xiaohashu.auth.RedisTests - The following 1 profile is active: "dev"
2025-05-25 11:11:06.360 [main] INFO  o.s.d.r.config.RepositoryConfigurationDelegate - Multiple Spring Data modules found, entering strict repository configuration mode
2025-05-25 11:11:06.362 [main] INFO  o.s.d.r.config.RepositoryConfigurationDelegate - Bootstrapping Spring Data Redis repositories in DEFAULT mode.
2025-05-25 11:11:06.376 [main] INFO  o.s.d.r.config.RepositoryConfigurationDelegate - Finished Spring Data repository scanning in 7 ms. Found 0 Redis repository interfaces.
2025-05-25 11:11:06.866 [main] INFO  c.a.d.s.b.a.DruidDataSourceAutoConfigure - Init DruidDataSource
2025-05-25 11:11:07.026 [main] INFO  com.alibaba.druid.pool.DruidDataSource - {dataSource-1} inited
2025-05-25 11:11:07.178 [main] INFO  top.wjstar.xiaohashu.auth.RedisTests - Started RedisTests in 1.235 seconds (process running for 1.724)
2025-05-25 11:11:07.438 [main] INFO  top.wjstar.xiaohashu.auth.RedisTests - key 是否存在：true
2025-05-25 11:11:07.444 [SpringApplicationShutdownHook] INFO  com.alibaba.druid.pool.DruidDataSource - {dataSource-1} closing ...
2025-05-25 11:11:07.447 [SpringApplicationShutdownHook] INFO  com.alibaba.druid.pool.DruidDataSource - {dataSource-1} closed
2025-05-25 11:11:15.792 [main] INFO  top.wjstar.xiaohashu.auth.RedisTests - Starting RedisTests using Java 17.0.14 with PID 2226 (started by wxvirus in /Users/wxvirus/IdeaProjects/xiaohashu/xiaohashu-auth)
2025-05-25 11:11:15.792 [main] INFO  top.wjstar.xiaohashu.auth.RedisTests - The following 1 profile is active: "dev"
2025-05-25 11:11:16.099 [main] INFO  o.s.d.r.config.RepositoryConfigurationDelegate - Multiple Spring Data modules found, entering strict repository configuration mode
2025-05-25 11:11:16.100 [main] INFO  o.s.d.r.config.RepositoryConfigurationDelegate - Bootstrapping Spring Data Redis repositories in DEFAULT mode.
2025-05-25 11:11:16.112 [main] INFO  o.s.d.r.config.RepositoryConfigurationDelegate - Finished Spring Data repository scanning in 5 ms. Found 0 Redis repository interfaces.
2025-05-25 11:11:16.626 [main] INFO  c.a.d.s.b.a.DruidDataSourceAutoConfigure - Init DruidDataSource
2025-05-25 11:11:16.781 [main] INFO  com.alibaba.druid.pool.DruidDataSource - {dataSource-1} inited
2025-05-25 11:11:16.962 [main] INFO  top.wjstar.xiaohashu.auth.RedisTests - Started RedisTests in 1.32 seconds (process running for 1.79)
2025-05-25 11:11:17.267 [main] INFO  top.wjstar.xiaohashu.auth.RedisTests - value 值：无解的游戏
2025-05-25 11:11:17.275 [SpringApplicationShutdownHook] INFO  com.alibaba.druid.pool.DruidDataSource - {dataSource-1} closing ...
2025-05-25 11:11:17.279 [SpringApplicationShutdownHook] INFO  com.alibaba.druid.pool.DruidDataSource - {dataSource-1} closed
2025-05-25 11:11:25.791 [main] INFO  top.wjstar.xiaohashu.auth.RedisTests - Starting RedisTests using Java 17.0.14 with PID 2231 (started by wxvirus in /Users/wxvirus/IdeaProjects/xiaohashu/xiaohashu-auth)
2025-05-25 11:11:25.792 [main] INFO  top.wjstar.xiaohashu.auth.RedisTests - The following 1 profile is active: "dev"
2025-05-25 11:11:26.099 [main] INFO  o.s.d.r.config.RepositoryConfigurationDelegate - Multiple Spring Data modules found, entering strict repository configuration mode
2025-05-25 11:11:26.101 [main] INFO  o.s.d.r.config.RepositoryConfigurationDelegate - Bootstrapping Spring Data Redis repositories in DEFAULT mode.
2025-05-25 11:11:26.116 [main] INFO  o.s.d.r.config.RepositoryConfigurationDelegate - Finished Spring Data repository scanning in 6 ms. Found 0 Redis repository interfaces.
2025-05-25 11:11:26.712 [main] INFO  c.a.d.s.b.a.DruidDataSourceAutoConfigure - Init DruidDataSource
2025-05-25 11:11:26.901 [main] INFO  com.alibaba.druid.pool.DruidDataSource - {dataSource-1} inited
2025-05-25 11:11:27.063 [main] INFO  top.wjstar.xiaohashu.auth.RedisTests - Started RedisTests in 1.415 seconds (process running for 1.886)
2025-05-25 11:11:27.373 [SpringApplicationShutdownHook] INFO  com.alibaba.druid.pool.DruidDataSource - {dataSource-1} closing ...
2025-05-25 11:11:27.378 [SpringApplicationShutdownHook] INFO  com.alibaba.druid.pool.DruidDataSource - {dataSource-1} closed
2025-05-25 11:57:26.533 [main] INFO  t.w.xiaohashu.auth.ThreadPoolTaskExecutorTests - Starting ThreadPoolTaskExecutorTests using Java 17.0.14 with PID 3502 (started by wxvirus in /Users/wxvirus/IdeaProjects/xiaohashu/xiaohashu-auth)
2025-05-25 11:57:26.533 [main] INFO  t.w.xiaohashu.auth.ThreadPoolTaskExecutorTests - The following 1 profile is active: "dev"
2025-05-25 11:57:26.781 [main] INFO  o.s.d.r.config.RepositoryConfigurationDelegate - Multiple Spring Data modules found, entering strict repository configuration mode
2025-05-25 11:57:26.783 [main] INFO  o.s.d.r.config.RepositoryConfigurationDelegate - Bootstrapping Spring Data Redis repositories in DEFAULT mode.
2025-05-25 11:57:26.797 [main] INFO  o.s.d.r.config.RepositoryConfigurationDelegate - Finished Spring Data repository scanning in 6 ms. Found 0 Redis repository interfaces.
2025-05-25 11:57:27.317 [main] INFO  c.a.d.s.b.a.DruidDataSourceAutoConfigure - Init DruidDataSource
2025-05-25 11:57:27.487 [main] INFO  com.alibaba.druid.pool.DruidDataSource - {dataSource-1} inited
2025-05-25 11:57:27.625 [main] INFO  t.w.xiaohashu.auth.ThreadPoolTaskExecutorTests - Started ThreadPoolTaskExecutorTests in 1.249 seconds (process running for 1.777)
2025-05-25 11:57:27.755 [AuthExecutor-1] INFO  t.w.xiaohashu.auth.ThreadPoolTaskExecutorTests - 异步线程中说
2025-05-25 11:57:27.763 [SpringApplicationShutdownHook] INFO  com.alibaba.druid.pool.DruidDataSource - {dataSource-1} closing ...
2025-05-25 11:57:27.768 [SpringApplicationShutdownHook] INFO  com.alibaba.druid.pool.DruidDataSource - {dataSource-1} closed
